CRITICAL - 2022-04-10 13:12:23 --> Undefined variable: img_url
#0 C:\wamp64\www\nodos_dark_ci4\app\Views\servicios.php(74): CodeIgniter\Debug\Exceptions->errorHandler(8, 'Undefined varia...', 'C:\\wamp64\\www\\n...', 74, Array)
#1 C:\wamp64\www\nodos_dark_ci4\system\View\View.php(210): include('C:\\wamp64\\www\\n...')
#2 C:\wamp64\www\nodos_dark_ci4\system\View\View.php(213): CodeIgniter\View\View->CodeIgniter\View\{closure}()
#3 C:\wamp64\www\nodos_dark_ci4\system\Common.php(1089): CodeIgniter\View\View->render('servicios', Array, true)
#4 C:\wamp64\www\nodos_dark_ci4\app\Views\template.php(37): view('servicios')
#5 C:\wamp64\www\nodos_dark_ci4\system\View\View.php(210): include('C:\\wamp64\\www\\n...')
#6 C:\wamp64\www\nodos_dark_ci4\system\View\View.php(213): CodeIgniter\View\View->CodeIgniter\View\{closure}()
#7 C:\wamp64\www\nodos_dark_ci4\system\Common.php(1089): CodeIgniter\View\View->render('template', Array, true)
#8 C:\wamp64\www\nodos_dark_ci4\app\Controllers\Servicios.php(41): view('template', Array)
#9 C:\wamp64\www\nodos_dark_ci4\system\CodeIgniter.php(832): App\Controllers\Servicios->index()
#10 C:\wamp64\www\nodos_dark_ci4\system\CodeIgniter.php(419): CodeIgniter\CodeIgniter->runController(Object(App\Controllers\Servicios))
#11 C:\wamp64\www\nodos_dark_ci4\system\CodeIgniter.php(326): CodeIgniter\CodeIgniter->handleRequest(NULL, Object(Config\Cache), false)
#12 C:\wamp64\www\nodos_dark_ci4\index.php(37): CodeIgniter\CodeIgniter->run()
#13 {main}
CRITICAL - 2022-04-10 13:12:54 --> Undefined index: $name
#0 C:\wamp64\www\nodos_dark_ci4\app\Views\servicios.php(75): CodeIgniter\Debug\Exceptions->errorHandler(8, 'Undefined index...', 'C:\\wamp64\\www\\n...', 75, Array)
#1 C:\wamp64\www\nodos_dark_ci4\system\View\View.php(210): include('C:\\wamp64\\www\\n...')
#2 C:\wamp64\www\nodos_dark_ci4\system\View\View.php(213): CodeIgniter\View\View->CodeIgniter\View\{closure}()
#3 C:\wamp64\www\nodos_dark_ci4\system\Common.php(1089): CodeIgniter\View\View->render('servicios', Array, true)
#4 C:\wamp64\www\nodos_dark_ci4\app\Views\template.php(37): view('servicios')
#5 C:\wamp64\www\nodos_dark_ci4\system\View\View.php(210): include('C:\\wamp64\\www\\n...')
#6 C:\wamp64\www\nodos_dark_ci4\system\View\View.php(213): CodeIgniter\View\View->CodeIgniter\View\{closure}()
#7 C:\wamp64\www\nodos_dark_ci4\system\Common.php(1089): CodeIgniter\View\View->render('template', Array, true)
#8 C:\wamp64\www\nodos_dark_ci4\app\Controllers\Servicios.php(41): view('template', Array)
#9 C:\wamp64\www\nodos_dark_ci4\system\CodeIgniter.php(832): App\Controllers\Servicios->index()
#10 C:\wamp64\www\nodos_dark_ci4\system\CodeIgniter.php(419): CodeIgniter\CodeIgniter->runController(Object(App\Controllers\Servicios))
#11 C:\wamp64\www\nodos_dark_ci4\system\CodeIgniter.php(326): CodeIgniter\CodeIgniter->handleRequest(NULL, Object(Config\Cache), false)
#12 C:\wamp64\www\nodos_dark_ci4\index.php(37): CodeIgniter\CodeIgniter->run()
#13 {main}
CRITICAL - 2022-04-10 13:13:26 --> Undefined variable: img_url
#0 C:\wamp64\www\nodos_dark_ci4\app\Views\servicios.php(74): CodeIgniter\Debug\Exceptions->errorHandler(8, 'Undefined varia...', 'C:\\wamp64\\www\\n...', 74, Array)
#1 C:\wamp64\www\nodos_dark_ci4\system\View\View.php(210): include('C:\\wamp64\\www\\n...')
#2 C:\wamp64\www\nodos_dark_ci4\system\View\View.php(213): CodeIgniter\View\View->CodeIgniter\View\{closure}()
#3 C:\wamp64\www\nodos_dark_ci4\system\Common.php(1089): CodeIgniter\View\View->render('servicios', Array, true)
#4 C:\wamp64\www\nodos_dark_ci4\app\Views\template.php(37): view('servicios')
#5 C:\wamp64\www\nodos_dark_ci4\system\View\View.php(210): include('C:\\wamp64\\www\\n...')
#6 C:\wamp64\www\nodos_dark_ci4\system\View\View.php(213): CodeIgniter\View\View->CodeIgniter\View\{closure}()
#7 C:\wamp64\www\nodos_dark_ci4\system\Common.php(1089): CodeIgniter\View\View->render('template', Array, true)
#8 C:\wamp64\www\nodos_dark_ci4\app\Controllers\Servicios.php(41): view('template', Array)
#9 C:\wamp64\www\nodos_dark_ci4\system\CodeIgniter.php(832): App\Controllers\Servicios->index()
#10 C:\wamp64\www\nodos_dark_ci4\system\CodeIgniter.php(419): CodeIgniter\CodeIgniter->runController(Object(App\Controllers\Servicios))
#11 C:\wamp64\www\nodos_dark_ci4\system\CodeIgniter.php(326): CodeIgniter\CodeIgniter->handleRequest(NULL, Object(Config\Cache), false)
#12 C:\wamp64\www\nodos_dark_ci4\index.php(37): CodeIgniter\CodeIgniter->run()
#13 {main}
CRITICAL - 2022-04-10 13:13:27 --> Undefined variable: img_url
#0 C:\wamp64\www\nodos_dark_ci4\app\Views\servicios.php(74): CodeIgniter\Debug\Exceptions->errorHandler(8, 'Undefined varia...', 'C:\\wamp64\\www\\n...', 74, Array)
#1 C:\wamp64\www\nodos_dark_ci4\system\View\View.php(210): include('C:\\wamp64\\www\\n...')
#2 C:\wamp64\www\nodos_dark_ci4\system\View\View.php(213): CodeIgniter\View\View->CodeIgniter\View\{closure}()
#3 C:\wamp64\www\nodos_dark_ci4\system\Common.php(1089): CodeIgniter\View\View->render('servicios', Array, true)
#4 C:\wamp64\www\nodos_dark_ci4\app\Views\template.php(37): view('servicios')
#5 C:\wamp64\www\nodos_dark_ci4\system\View\View.php(210): include('C:\\wamp64\\www\\n...')
#6 C:\wamp64\www\nodos_dark_ci4\system\View\View.php(213): CodeIgniter\View\View->CodeIgniter\View\{closure}()
#7 C:\wamp64\www\nodos_dark_ci4\system\Common.php(1089): CodeIgniter\View\View->render('template', Array, true)
#8 C:\wamp64\www\nodos_dark_ci4\app\Controllers\Servicios.php(41): view('template', Array)
#9 C:\wamp64\www\nodos_dark_ci4\system\CodeIgniter.php(832): App\Controllers\Servicios->index()
#10 C:\wamp64\www\nodos_dark_ci4\system\CodeIgniter.php(419): CodeIgniter\CodeIgniter->runController(Object(App\Controllers\Servicios))
#11 C:\wamp64\www\nodos_dark_ci4\system\CodeIgniter.php(326): CodeIgniter\CodeIgniter->handleRequest(NULL, Object(Config\Cache), false)
#12 C:\wamp64\www\nodos_dark_ci4\index.php(37): CodeIgniter\CodeIgniter->run()
#13 {main}
CRITICAL - 2022-04-10 13:14:38 --> Undefined variable: name
#0 C:\wamp64\www\nodos_dark_ci4\app\Views\servicios.php(74): CodeIgniter\Debug\Exceptions->errorHandler(8, 'Undefined varia...', 'C:\\wamp64\\www\\n...', 74, Array)
#1 C:\wamp64\www\nodos_dark_ci4\system\View\View.php(210): include('C:\\wamp64\\www\\n...')
#2 C:\wamp64\www\nodos_dark_ci4\system\View\View.php(213): CodeIgniter\View\View->CodeIgniter\View\{closure}()
#3 C:\wamp64\www\nodos_dark_ci4\system\Common.php(1089): CodeIgniter\View\View->render('servicios', Array, true)
#4 C:\wamp64\www\nodos_dark_ci4\app\Views\template.php(37): view('servicios')
#5 C:\wamp64\www\nodos_dark_ci4\system\View\View.php(210): include('C:\\wamp64\\www\\n...')
#6 C:\wamp64\www\nodos_dark_ci4\system\View\View.php(213): CodeIgniter\View\View->CodeIgniter\View\{closure}()
#7 C:\wamp64\www\nodos_dark_ci4\system\Common.php(1089): CodeIgniter\View\View->render('template', Array, true)
#8 C:\wamp64\www\nodos_dark_ci4\app\Controllers\Servicios.php(41): view('template', Array)
#9 C:\wamp64\www\nodos_dark_ci4\system\CodeIgniter.php(832): App\Controllers\Servicios->index()
#10 C:\wamp64\www\nodos_dark_ci4\system\CodeIgniter.php(419): CodeIgniter\CodeIgniter->runController(Object(App\Controllers\Servicios))
#11 C:\wamp64\www\nodos_dark_ci4\system\CodeIgniter.php(326): CodeIgniter\CodeIgniter->handleRequest(NULL, Object(Config\Cache), false)
#12 C:\wamp64\www\nodos_dark_ci4\index.php(37): CodeIgniter\CodeIgniter->run()
#13 {main}
CRITICAL - 2022-04-10 13:15:25 --> Undefined variable: name
#0 C:\wamp64\www\nodos_dark_ci4\app\Views\servicios.php(75): CodeIgniter\Debug\Exceptions->errorHandler(8, 'Undefined varia...', 'C:\\wamp64\\www\\n...', 75, Array)
#1 C:\wamp64\www\nodos_dark_ci4\system\View\View.php(210): include('C:\\wamp64\\www\\n...')
#2 C:\wamp64\www\nodos_dark_ci4\system\View\View.php(213): CodeIgniter\View\View->CodeIgniter\View\{closure}()
#3 C:\wamp64\www\nodos_dark_ci4\system\Common.php(1089): CodeIgniter\View\View->render('servicios', Array, true)
#4 C:\wamp64\www\nodos_dark_ci4\app\Views\template.php(37): view('servicios')
#5 C:\wamp64\www\nodos_dark_ci4\system\View\View.php(210): include('C:\\wamp64\\www\\n...')
#6 C:\wamp64\www\nodos_dark_ci4\system\View\View.php(213): CodeIgniter\View\View->CodeIgniter\View\{closure}()
#7 C:\wamp64\www\nodos_dark_ci4\system\Common.php(1089): CodeIgniter\View\View->render('template', Array, true)
#8 C:\wamp64\www\nodos_dark_ci4\app\Controllers\Servicios.php(41): view('template', Array)
#9 C:\wamp64\www\nodos_dark_ci4\system\CodeIgniter.php(832): App\Controllers\Servicios->index()
#10 C:\wamp64\www\nodos_dark_ci4\system\CodeIgniter.php(419): CodeIgniter\CodeIgniter->runController(Object(App\Controllers\Servicios))
#11 C:\wamp64\www\nodos_dark_ci4\system\CodeIgniter.php(326): CodeIgniter\CodeIgniter->handleRequest(NULL, Object(Config\Cache), false)
#12 C:\wamp64\www\nodos_dark_ci4\index.php(37): CodeIgniter\CodeIgniter->run()
#13 {main}
