CRITICAL - 2022-03-01 08:38:46 --> Undefined variable: contenido
#0 C:\wamp64\www\nodos_site_ci4\app\Views\template.php(37): CodeIgniter\Debug\Exceptions->errorHandler(8, 'Undefined varia...', 'C:\\wamp64\\www\\n...', 37, Array)
#1 C:\wamp64\www\nodos_site_ci4\system\View\View.php(210): include('C:\\wamp64\\www\\n...')
#2 C:\wamp64\www\nodos_site_ci4\system\View\View.php(213): CodeIgniter\View\View->CodeIgniter\View\{closure}()
#3 C:\wamp64\www\nodos_site_ci4\system\Common.php(1089): CodeIgniter\View\View->render('template', Array, true)
#4 C:\wamp64\www\nodos_site_ci4\app\Controllers\Home.php(8): view('template')
#5 C:\wamp64\www\nodos_site_ci4\system\CodeIgniter.php(832): App\Controllers\Home->index()
#6 C:\wamp64\www\nodos_site_ci4\system\CodeIgniter.php(419): CodeIgniter\CodeIgniter->runController(Object(App\Controllers\Home))
#7 C:\wamp64\www\nodos_site_ci4\system\CodeIgniter.php(326): CodeIgniter\CodeIgniter->handleRequest(NULL, Object(Config\Cache), false)
#8 C:\wamp64\www\nodos_site_ci4\index.php(37): CodeIgniter\CodeIgniter->run()
#9 {main}
CRITICAL - 2022-03-01 08:39:16 --> Undefined variable: contenido
#0 C:\wamp64\www\nodos_site_ci4\app\Views\template.php(37): CodeIgniter\Debug\Exceptions->errorHandler(8, 'Undefined varia...', 'C:\\wamp64\\www\\n...', 37, Array)
#1 C:\wamp64\www\nodos_site_ci4\system\View\View.php(210): include('C:\\wamp64\\www\\n...')
#2 C:\wamp64\www\nodos_site_ci4\system\View\View.php(213): CodeIgniter\View\View->CodeIgniter\View\{closure}()
#3 C:\wamp64\www\nodos_site_ci4\system\Common.php(1089): CodeIgniter\View\View->render('template', Array, true)
#4 C:\wamp64\www\nodos_site_ci4\app\Controllers\Home.php(9): view('template')
#5 C:\wamp64\www\nodos_site_ci4\system\CodeIgniter.php(832): App\Controllers\Home->index()
#6 C:\wamp64\www\nodos_site_ci4\system\CodeIgniter.php(419): CodeIgniter\CodeIgniter->runController(Object(App\Controllers\Home))
#7 C:\wamp64\www\nodos_site_ci4\system\CodeIgniter.php(326): CodeIgniter\CodeIgniter->handleRequest(NULL, Object(Config\Cache), false)
#8 C:\wamp64\www\nodos_site_ci4\index.php(37): CodeIgniter\CodeIgniter->run()
#9 {main}
CRITICAL - 2022-03-01 08:39:18 --> Undefined variable: contenido
#0 C:\wamp64\www\nodos_site_ci4\app\Views\template.php(37): CodeIgniter\Debug\Exceptions->errorHandler(8, 'Undefined varia...', 'C:\\wamp64\\www\\n...', 37, Array)
#1 C:\wamp64\www\nodos_site_ci4\system\View\View.php(210): include('C:\\wamp64\\www\\n...')
#2 C:\wamp64\www\nodos_site_ci4\system\View\View.php(213): CodeIgniter\View\View->CodeIgniter\View\{closure}()
#3 C:\wamp64\www\nodos_site_ci4\system\Common.php(1089): CodeIgniter\View\View->render('template', Array, true)
#4 C:\wamp64\www\nodos_site_ci4\app\Controllers\Home.php(9): view('template')
#5 C:\wamp64\www\nodos_site_ci4\system\CodeIgniter.php(832): App\Controllers\Home->index()
#6 C:\wamp64\www\nodos_site_ci4\system\CodeIgniter.php(419): CodeIgniter\CodeIgniter->runController(Object(App\Controllers\Home))
#7 C:\wamp64\www\nodos_site_ci4\system\CodeIgniter.php(326): CodeIgniter\CodeIgniter->handleRequest(NULL, Object(Config\Cache), false)
#8 C:\wamp64\www\nodos_site_ci4\index.php(37): CodeIgniter\CodeIgniter->run()
#9 {main}
CRITICAL - 2022-03-01 09:01:39 --> Undefined variable: clase_header
#0 C:\wamp64\www\nodos_site_ci4\app\Views\includes\header.php(1): CodeIgniter\Debug\Exceptions->errorHandler(8, 'Undefined varia...', 'C:\\wamp64\\www\\n...', 1, Array)
#1 C:\wamp64\www\nodos_site_ci4\system\View\View.php(210): include('C:\\wamp64\\www\\n...')
#2 C:\wamp64\www\nodos_site_ci4\system\View\View.php(213): CodeIgniter\View\View->CodeIgniter\View\{closure}()
#3 C:\wamp64\www\nodos_site_ci4\system\Common.php(1089): CodeIgniter\View\View->render('includes/header...', Array, true)
#4 C:\wamp64\www\nodos_site_ci4\app\Views\template.php(36): view('includes/header...')
#5 C:\wamp64\www\nodos_site_ci4\system\View\View.php(210): include('C:\\wamp64\\www\\n...')
#6 C:\wamp64\www\nodos_site_ci4\system\View\View.php(213): CodeIgniter\View\View->CodeIgniter\View\{closure}()
#7 C:\wamp64\www\nodos_site_ci4\system\Common.php(1089): CodeIgniter\View\View->render('template', Array, true)
#8 C:\wamp64\www\nodos_site_ci4\app\Controllers\Home.php(9): view('template', Array)
#9 C:\wamp64\www\nodos_site_ci4\system\CodeIgniter.php(832): App\Controllers\Home->index()
#10 C:\wamp64\www\nodos_site_ci4\system\CodeIgniter.php(419): CodeIgniter\CodeIgniter->runController(Object(App\Controllers\Home))
#11 C:\wamp64\www\nodos_site_ci4\system\CodeIgniter.php(326): CodeIgniter\CodeIgniter->handleRequest(NULL, Object(Config\Cache), false)
#12 C:\wamp64\www\nodos_site_ci4\index.php(37): CodeIgniter\CodeIgniter->run()
#13 {main}
CRITICAL - 2022-03-01 09:04:13 --> Undefined variable: clase_header
#0 C:\wamp64\www\nodos_site_ci4\app\Views\includes\header.php(1): CodeIgniter\Debug\Exceptions->errorHandler(8, 'Undefined varia...', 'C:\\wamp64\\www\\n...', 1, Array)
#1 C:\wamp64\www\nodos_site_ci4\system\View\View.php(210): include('C:\\wamp64\\www\\n...')
#2 C:\wamp64\www\nodos_site_ci4\system\View\View.php(213): CodeIgniter\View\View->CodeIgniter\View\{closure}()
#3 C:\wamp64\www\nodos_site_ci4\system\Common.php(1089): CodeIgniter\View\View->render('includes/header...', Array, true)
#4 C:\wamp64\www\nodos_site_ci4\app\Views\template.php(36): view('includes/header...')
#5 C:\wamp64\www\nodos_site_ci4\system\View\View.php(210): include('C:\\wamp64\\www\\n...')
#6 C:\wamp64\www\nodos_site_ci4\system\View\View.php(213): CodeIgniter\View\View->CodeIgniter\View\{closure}()
#7 C:\wamp64\www\nodos_site_ci4\system\Common.php(1089): CodeIgniter\View\View->render('template', Array, true)
#8 C:\wamp64\www\nodos_site_ci4\app\Controllers\Home.php(9): view('template', Array)
#9 C:\wamp64\www\nodos_site_ci4\system\CodeIgniter.php(832): App\Controllers\Home->index()
#10 C:\wamp64\www\nodos_site_ci4\system\CodeIgniter.php(419): CodeIgniter\CodeIgniter->runController(Object(App\Controllers\Home))
#11 C:\wamp64\www\nodos_site_ci4\system\CodeIgniter.php(326): CodeIgniter\CodeIgniter->handleRequest(NULL, Object(Config\Cache), false)
#12 C:\wamp64\www\nodos_site_ci4\index.php(37): CodeIgniter\CodeIgniter->run()
#13 {main}
CRITICAL - 2022-03-01 09:23:35 --> Undefined offset: 1
#0 C:\wamp64\www\nodos_site_ci4\system\Router\Router.php(431): CodeIgniter\Debug\Exceptions->errorHandler(8, 'Undefined offse...', 'C:\\wamp64\\www\\n...', 431, Array)
#1 C:\wamp64\www\nodos_site_ci4\system\Router\Router.php(154): CodeIgniter\Router\Router->checkRoutes('home')
#2 C:\wamp64\www\nodos_site_ci4\system\CodeIgniter.php(726): CodeIgniter\Router\Router->handle('home')
#3 C:\wamp64\www\nodos_site_ci4\system\CodeIgniter.php(368): CodeIgniter\CodeIgniter->tryToRouteIt(Object(CodeIgniter\Router\RouteCollection))
#4 C:\wamp64\www\nodos_site_ci4\system\CodeIgniter.php(326): CodeIgniter\CodeIgniter->handleRequest(NULL, Object(Config\Cache), false)
#5 C:\wamp64\www\nodos_site_ci4\index.php(37): CodeIgniter\CodeIgniter->run()
#6 {main}
CRITICAL - 2022-03-01 09:23:54 --> Invalid file: /.php
#0 C:\wamp64\www\nodos_site_ci4\system\View\View.php(198): CodeIgniter\Exceptions\FrameworkException::forInvalidFile('/.php')
#1 C:\wamp64\www\nodos_site_ci4\system\Common.php(1089): CodeIgniter\View\View->render('/', Array, true)
#2 C:\wamp64\www\nodos_site_ci4\app\Views\template.php(37): view('/')
#3 C:\wamp64\www\nodos_site_ci4\system\View\View.php(210): include('C:\\wamp64\\www\\n...')
#4 C:\wamp64\www\nodos_site_ci4\system\View\View.php(213): CodeIgniter\View\View->CodeIgniter\View\{closure}()
#5 C:\wamp64\www\nodos_site_ci4\system\Common.php(1089): CodeIgniter\View\View->render('template', Array, true)
#6 C:\wamp64\www\nodos_site_ci4\app\Controllers\Home.php(10): view('template', Array)
#7 C:\wamp64\www\nodos_site_ci4\system\CodeIgniter.php(832): App\Controllers\Home->index()
#8 C:\wamp64\www\nodos_site_ci4\system\CodeIgniter.php(419): CodeIgniter\CodeIgniter->runController(Object(App\Controllers\Home))
#9 C:\wamp64\www\nodos_site_ci4\system\CodeIgniter.php(326): CodeIgniter\CodeIgniter->handleRequest(NULL, Object(Config\Cache), false)
#10 C:\wamp64\www\nodos_site_ci4\index.php(37): CodeIgniter\CodeIgniter->run()
#11 {main}
CRITICAL - 2022-03-01 09:23:54 --> Invalid file: /.php
#0 C:\wamp64\www\nodos_site_ci4\system\View\View.php(198): CodeIgniter\Exceptions\FrameworkException::forInvalidFile('/.php')
#1 C:\wamp64\www\nodos_site_ci4\system\Common.php(1089): CodeIgniter\View\View->render('/', Array, true)
#2 C:\wamp64\www\nodos_site_ci4\app\Views\template.php(37): view('/')
#3 C:\wamp64\www\nodos_site_ci4\system\View\View.php(210): include('C:\\wamp64\\www\\n...')
#4 C:\wamp64\www\nodos_site_ci4\system\View\View.php(213): CodeIgniter\View\View->CodeIgniter\View\{closure}()
#5 C:\wamp64\www\nodos_site_ci4\system\Common.php(1089): CodeIgniter\View\View->render('template', Array, true)
#6 C:\wamp64\www\nodos_site_ci4\app\Controllers\Home.php(10): view('template', Array)
#7 C:\wamp64\www\nodos_site_ci4\system\CodeIgniter.php(832): App\Controllers\Home->index()
#8 C:\wamp64\www\nodos_site_ci4\system\CodeIgniter.php(419): CodeIgniter\CodeIgniter->runController(Object(App\Controllers\Home))
#9 C:\wamp64\www\nodos_site_ci4\system\CodeIgniter.php(326): CodeIgniter\CodeIgniter->handleRequest(NULL, Object(Config\Cache), false)
#10 C:\wamp64\www\nodos_site_ci4\index.php(37): CodeIgniter\CodeIgniter->run()
#11 {main}
CRITICAL - 2022-03-01 09:23:57 --> Invalid file: /.php
#0 C:\wamp64\www\nodos_site_ci4\system\View\View.php(198): CodeIgniter\Exceptions\FrameworkException::forInvalidFile('/.php')
#1 C:\wamp64\www\nodos_site_ci4\system\Common.php(1089): CodeIgniter\View\View->render('/', Array, true)
#2 C:\wamp64\www\nodos_site_ci4\app\Views\template.php(37): view('/')
#3 C:\wamp64\www\nodos_site_ci4\system\View\View.php(210): include('C:\\wamp64\\www\\n...')
#4 C:\wamp64\www\nodos_site_ci4\system\View\View.php(213): CodeIgniter\View\View->CodeIgniter\View\{closure}()
#5 C:\wamp64\www\nodos_site_ci4\system\Common.php(1089): CodeIgniter\View\View->render('template', Array, true)
#6 C:\wamp64\www\nodos_site_ci4\app\Controllers\Home.php(10): view('template', Array)
#7 C:\wamp64\www\nodos_site_ci4\system\CodeIgniter.php(832): App\Controllers\Home->index()
#8 C:\wamp64\www\nodos_site_ci4\system\CodeIgniter.php(419): CodeIgniter\CodeIgniter->runController(Object(App\Controllers\Home))
#9 C:\wamp64\www\nodos_site_ci4\system\CodeIgniter.php(326): CodeIgniter\CodeIgniter->handleRequest(NULL, Object(Config\Cache), false)
#10 C:\wamp64\www\nodos_site_ci4\index.php(37): CodeIgniter\CodeIgniter->run()
#11 {main}
CRITICAL - 2022-03-01 09:24:01 --> Invalid file: /.php
#0 C:\wamp64\www\nodos_site_ci4\system\View\View.php(198): CodeIgniter\Exceptions\FrameworkException::forInvalidFile('/.php')
#1 C:\wamp64\www\nodos_site_ci4\system\Common.php(1089): CodeIgniter\View\View->render('/', Array, true)
#2 C:\wamp64\www\nodos_site_ci4\app\Views\template.php(37): view('/')
#3 C:\wamp64\www\nodos_site_ci4\system\View\View.php(210): include('C:\\wamp64\\www\\n...')
#4 C:\wamp64\www\nodos_site_ci4\system\View\View.php(213): CodeIgniter\View\View->CodeIgniter\View\{closure}()
#5 C:\wamp64\www\nodos_site_ci4\system\Common.php(1089): CodeIgniter\View\View->render('template', Array, true)
#6 C:\wamp64\www\nodos_site_ci4\app\Controllers\Home.php(10): view('template', Array)
#7 C:\wamp64\www\nodos_site_ci4\system\CodeIgniter.php(832): App\Controllers\Home->index()
#8 C:\wamp64\www\nodos_site_ci4\system\CodeIgniter.php(419): CodeIgniter\CodeIgniter->runController(Object(App\Controllers\Home))
#9 C:\wamp64\www\nodos_site_ci4\system\CodeIgniter.php(326): CodeIgniter\CodeIgniter->handleRequest(NULL, Object(Config\Cache), false)
#10 C:\wamp64\www\nodos_site_ci4\index.php(37): CodeIgniter\CodeIgniter->run()
#11 {main}
CRITICAL - 2022-03-01 09:24:07 --> Invalid file: /.php
#0 C:\wamp64\www\nodos_site_ci4\system\View\View.php(198): CodeIgniter\Exceptions\FrameworkException::forInvalidFile('/.php')
#1 C:\wamp64\www\nodos_site_ci4\system\Common.php(1089): CodeIgniter\View\View->render('/', Array, true)
#2 C:\wamp64\www\nodos_site_ci4\app\Views\template.php(37): view('/')
#3 C:\wamp64\www\nodos_site_ci4\system\View\View.php(210): include('C:\\wamp64\\www\\n...')
#4 C:\wamp64\www\nodos_site_ci4\system\View\View.php(213): CodeIgniter\View\View->CodeIgniter\View\{closure}()
#5 C:\wamp64\www\nodos_site_ci4\system\Common.php(1089): CodeIgniter\View\View->render('template', Array, true)
#6 C:\wamp64\www\nodos_site_ci4\app\Controllers\Home.php(10): view('template', Array)
#7 C:\wamp64\www\nodos_site_ci4\system\CodeIgniter.php(832): App\Controllers\Home->index()
#8 C:\wamp64\www\nodos_site_ci4\system\CodeIgniter.php(419): CodeIgniter\CodeIgniter->runController(Object(App\Controllers\Home))
#9 C:\wamp64\www\nodos_site_ci4\system\CodeIgniter.php(326): CodeIgniter\CodeIgniter->handleRequest(NULL, Object(Config\Cache), false)
#10 C:\wamp64\www\nodos_site_ci4\index.php(37): CodeIgniter\CodeIgniter->run()
#11 {main}
CRITICAL - 2022-03-01 09:24:09 --> Invalid file: /.php
#0 C:\wamp64\www\nodos_site_ci4\system\View\View.php(198): CodeIgniter\Exceptions\FrameworkException::forInvalidFile('/.php')
#1 C:\wamp64\www\nodos_site_ci4\system\Common.php(1089): CodeIgniter\View\View->render('/', Array, true)
#2 C:\wamp64\www\nodos_site_ci4\app\Views\template.php(37): view('/')
#3 C:\wamp64\www\nodos_site_ci4\system\View\View.php(210): include('C:\\wamp64\\www\\n...')
#4 C:\wamp64\www\nodos_site_ci4\system\View\View.php(213): CodeIgniter\View\View->CodeIgniter\View\{closure}()
#5 C:\wamp64\www\nodos_site_ci4\system\Common.php(1089): CodeIgniter\View\View->render('template', Array, true)
#6 C:\wamp64\www\nodos_site_ci4\app\Controllers\Home.php(10): view('template', Array)
#7 C:\wamp64\www\nodos_site_ci4\system\CodeIgniter.php(832): App\Controllers\Home->index()
#8 C:\wamp64\www\nodos_site_ci4\system\CodeIgniter.php(419): CodeIgniter\CodeIgniter->runController(Object(App\Controllers\Home))
#9 C:\wamp64\www\nodos_site_ci4\system\CodeIgniter.php(326): CodeIgniter\CodeIgniter->handleRequest(NULL, Object(Config\Cache), false)
#10 C:\wamp64\www\nodos_site_ci4\index.php(37): CodeIgniter\CodeIgniter->run()
#11 {main}
