CRITICAL - 2022-05-09 17:02:13 --> Undefined variable: clase_header
#0 C:\wamp64\www\nodos_idiomas\app\Views\includes\header.php(1): CodeIgniter\Debug\Exceptions->errorHandler(8, 'Undefined varia...', 'C:\\wamp64\\www\\n...', 1, Array)
#1 C:\wamp64\www\nodos_idiomas\system\View\View.php(210): include('C:\\wamp64\\www\\n...')
#2 C:\wamp64\www\nodos_idiomas\system\View\View.php(213): CodeIgniter\View\View->CodeIgniter\View\{closure}()
#3 C:\wamp64\www\nodos_idiomas\system\Common.php(1089): CodeIgniter\View\View->render('includes/header...', Array, true)
#4 C:\wamp64\www\nodos_idiomas\app\Views\template.php(44): view('includes/header...')
#5 C:\wamp64\www\nodos_idiomas\system\View\View.php(210): include('C:\\wamp64\\www\\n...')
#6 C:\wamp64\www\nodos_idiomas\system\View\View.php(213): CodeIgniter\View\View->CodeIgniter\View\{closure}()
#7 C:\wamp64\www\nodos_idiomas\system\Common.php(1089): CodeIgniter\View\View->render('template', Array, true)
#8 C:\wamp64\www\nodos_idiomas\app\Controllers\Noticias.php(21): view('template', Array)
#9 C:\wamp64\www\nodos_idiomas\system\CodeIgniter.php(832): App\Controllers\Noticias->index()
#10 C:\wamp64\www\nodos_idiomas\system\CodeIgniter.php(419): CodeIgniter\CodeIgniter->runController(Object(App\Controllers\Noticias))
#11 C:\wamp64\www\nodos_idiomas\system\CodeIgniter.php(326): CodeIgniter\CodeIgniter->handleRequest(NULL, Object(Config\Cache), false)
#12 C:\wamp64\www\nodos_idiomas\index.php(37): CodeIgniter\CodeIgniter->run()
#13 {main}
CRITICAL - 2022-05-09 17:04:42 --> Undefined variable: clase_header
#0 C:\wamp64\www\nodos_idiomas\app\Views\includes\header.php(1): CodeIgniter\Debug\Exceptions->errorHandler(8, 'Undefined varia...', 'C:\\wamp64\\www\\n...', 1, Array)
#1 C:\wamp64\www\nodos_idiomas\system\View\View.php(210): include('C:\\wamp64\\www\\n...')
#2 C:\wamp64\www\nodos_idiomas\system\View\View.php(213): CodeIgniter\View\View->CodeIgniter\View\{closure}()
#3 C:\wamp64\www\nodos_idiomas\system\Common.php(1089): CodeIgniter\View\View->render('includes/header...', Array, true)
#4 C:\wamp64\www\nodos_idiomas\app\Views\template.php(44): view('includes/header...')
#5 C:\wamp64\www\nodos_idiomas\system\View\View.php(210): include('C:\\wamp64\\www\\n...')
#6 C:\wamp64\www\nodos_idiomas\system\View\View.php(213): CodeIgniter\View\View->CodeIgniter\View\{closure}()
#7 C:\wamp64\www\nodos_idiomas\system\Common.php(1089): CodeIgniter\View\View->render('template', Array, true)
#8 C:\wamp64\www\nodos_idiomas\app\Controllers\Noticias.php(21): view('template', Array)
#9 C:\wamp64\www\nodos_idiomas\system\CodeIgniter.php(832): App\Controllers\Noticias->index()
#10 C:\wamp64\www\nodos_idiomas\system\CodeIgniter.php(419): CodeIgniter\CodeIgniter->runController(Object(App\Controllers\Noticias))
#11 C:\wamp64\www\nodos_idiomas\system\CodeIgniter.php(326): CodeIgniter\CodeIgniter->handleRequest(NULL, Object(Config\Cache), false)
#12 C:\wamp64\www\nodos_idiomas\index.php(37): CodeIgniter\CodeIgniter->run()
#13 {main}
CRITICAL - 2022-05-09 17:04:50 --> Undefined variable: clase_header
#0 C:\wamp64\www\nodos_idiomas\app\Views\includes\header.php(1): CodeIgniter\Debug\Exceptions->errorHandler(8, 'Undefined varia...', 'C:\\wamp64\\www\\n...', 1, Array)
#1 C:\wamp64\www\nodos_idiomas\system\View\View.php(210): include('C:\\wamp64\\www\\n...')
#2 C:\wamp64\www\nodos_idiomas\system\View\View.php(213): CodeIgniter\View\View->CodeIgniter\View\{closure}()
#3 C:\wamp64\www\nodos_idiomas\system\Common.php(1089): CodeIgniter\View\View->render('includes/header...', Array, true)
#4 C:\wamp64\www\nodos_idiomas\app\Views\template.php(44): view('includes/header...')
#5 C:\wamp64\www\nodos_idiomas\system\View\View.php(210): include('C:\\wamp64\\www\\n...')
#6 C:\wamp64\www\nodos_idiomas\system\View\View.php(213): CodeIgniter\View\View->CodeIgniter\View\{closure}()
#7 C:\wamp64\www\nodos_idiomas\system\Common.php(1089): CodeIgniter\View\View->render('template', Array, true)
#8 C:\wamp64\www\nodos_idiomas\app\Controllers\Noticias.php(21): view('template', Array)
#9 C:\wamp64\www\nodos_idiomas\system\CodeIgniter.php(832): App\Controllers\Noticias->index()
#10 C:\wamp64\www\nodos_idiomas\system\CodeIgniter.php(419): CodeIgniter\CodeIgniter->runController(Object(App\Controllers\Noticias))
#11 C:\wamp64\www\nodos_idiomas\system\CodeIgniter.php(326): CodeIgniter\CodeIgniter->handleRequest(NULL, Object(Config\Cache), false)
#12 C:\wamp64\www\nodos_idiomas\index.php(37): CodeIgniter\CodeIgniter->run()
#13 {main}
CRITICAL - 2022-05-09 20:51:39 --> syntax error, unexpected '<<' (T_SL), expecting ']'
#0 C:\wamp64\www\nodos_idiomas\system\Router\Router.php(175): CodeIgniter\Router\Router->autoRoute('servicios')
#1 C:\wamp64\www\nodos_idiomas\system\CodeIgniter.php(726): CodeIgniter\Router\Router->handle('servicios')
#2 C:\wamp64\www\nodos_idiomas\system\CodeIgniter.php(368): CodeIgniter\CodeIgniter->tryToRouteIt(Object(CodeIgniter\Router\RouteCollection))
#3 C:\wamp64\www\nodos_idiomas\system\CodeIgniter.php(326): CodeIgniter\CodeIgniter->handleRequest(NULL, Object(Config\Cache), false)
#4 C:\wamp64\www\nodos_idiomas\index.php(37): CodeIgniter\CodeIgniter->run()
#5 {main}
