CRITICAL - 2022-04-19 10:47:19 --> Class 'App\Controllers\stdClass' not found
#0 /home/nodosweb/public_html/testing/system/CodeIgniter.php(832): App\Controllers\Home->sendMailContact()
#1 /home/nodosweb/public_html/testing/system/CodeIgniter.php(419): CodeIgniter\CodeIgniter->runController(Object(App\Controllers\Home))
#2 /home/nodosweb/public_html/testing/system/CodeIgniter.php(326): CodeIgniter\CodeIgniter->handleRequest(NULL, Object(Config\Cache), false)
#3 /home/nodosweb/public_html/testing/index.php(37): CodeIgniter\CodeIgniter->run()
#4 {main}
CRITICAL - 2022-04-19 10:48:27 --> Class 'App\Controllers\stdClass' not found
#0 /home/nodosweb/public_html/testing/system/CodeIgniter.php(832): App\Controllers\Home->sendMailContact()
#1 /home/nodosweb/public_html/testing/system/CodeIgniter.php(419): CodeIgniter\CodeIgniter->runController(Object(App\Controllers\Home))
#2 /home/nodosweb/public_html/testing/system/CodeIgniter.php(326): CodeIgniter\CodeIgniter->handleRequest(NULL, Object(Config\Cache), false)
#3 /home/nodosweb/public_html/testing/index.php(37): CodeIgniter\CodeIgniter->run()
#4 {main}
CRITICAL - 2022-04-19 10:55:11 --> Class 'App\Controllers\stdClass' not found
#0 /home/nodosweb/public_html/testing/system/CodeIgniter.php(832): App\Controllers\Home->sendMailContact()
#1 /home/nodosweb/public_html/testing/system/CodeIgniter.php(419): CodeIgniter\CodeIgniter->runController(Object(App\Controllers\Home))
#2 /home/nodosweb/public_html/testing/system/CodeIgniter.php(326): CodeIgniter\CodeIgniter->handleRequest(NULL, Object(Config\Cache), false)
#3 /home/nodosweb/public_html/testing/index.php(37): CodeIgniter\CodeIgniter->run()
#4 {main}
CRITICAL - 2022-04-19 10:55:54 --> Class 'App\Controllers\stdClass' not found
#0 /home/nodosweb/public_html/testing/system/CodeIgniter.php(832): App\Controllers\Home->sendMailContact()
#1 /home/nodosweb/public_html/testing/system/CodeIgniter.php(419): CodeIgniter\CodeIgniter->runController(Object(App\Controllers\Home))
#2 /home/nodosweb/public_html/testing/system/CodeIgniter.php(326): CodeIgniter\CodeIgniter->handleRequest(NULL, Object(Config\Cache), false)
#3 /home/nodosweb/public_html/testing/index.php(37): CodeIgniter\CodeIgniter->run()
#4 {main}
CRITICAL - 2022-04-19 10:58:22 --> Class 'App\Controllers\stdClass' not found
#0 /home/nodosweb/public_html/testing/system/CodeIgniter.php(832): App\Controllers\Home->sendMailContact()
#1 /home/nodosweb/public_html/testing/system/CodeIgniter.php(419): CodeIgniter\CodeIgniter->runController(Object(App\Controllers\Home))
#2 /home/nodosweb/public_html/testing/system/CodeIgniter.php(326): CodeIgniter\CodeIgniter->handleRequest(NULL, Object(Config\Cache), false)
#3 /home/nodosweb/public_html/testing/index.php(37): CodeIgniter\CodeIgniter->run()
#4 {main}
CRITICAL - 2022-04-19 11:09:52 --> Class 'App\Controllers\stdClass' not found
#0 /home/nodosweb/public_html/testing/system/CodeIgniter.php(832): App\Controllers\Home->sendMailContact()
#1 /home/nodosweb/public_html/testing/system/CodeIgniter.php(419): CodeIgniter\CodeIgniter->runController(Object(App\Controllers\Home))
#2 /home/nodosweb/public_html/testing/system/CodeIgniter.php(326): CodeIgniter\CodeIgniter->handleRequest(NULL, Object(Config\Cache), false)
#3 /home/nodosweb/public_html/testing/index.php(37): CodeIgniter\CodeIgniter->run()
#4 {main}
CRITICAL - 2022-04-19 11:12:10 --> Class 'App\Controllers\stdClass' not found
#0 /home/nodosweb/public_html/testing/system/CodeIgniter.php(832): App\Controllers\Home->sendMailContact()
#1 /home/nodosweb/public_html/testing/system/CodeIgniter.php(419): CodeIgniter\CodeIgniter->runController(Object(App\Controllers\Home))
#2 /home/nodosweb/public_html/testing/system/CodeIgniter.php(326): CodeIgniter\CodeIgniter->handleRequest(NULL, Object(Config\Cache), false)
#3 /home/nodosweb/public_html/testing/index.php(37): CodeIgniter\CodeIgniter->run()
#4 {main}
CRITICAL - 2022-04-19 11:21:20 --> Class 'App\Controllers\stdClass' not found
#0 /home/nodosweb/public_html/testing/system/CodeIgniter.php(832): App\Controllers\Home->sendMailContact()
#1 /home/nodosweb/public_html/testing/system/CodeIgniter.php(419): CodeIgniter\CodeIgniter->runController(Object(App\Controllers\Home))
#2 /home/nodosweb/public_html/testing/system/CodeIgniter.php(326): CodeIgniter\CodeIgniter->handleRequest(NULL, Object(Config\Cache), false)
#3 /home/nodosweb/public_html/testing/index.php(37): CodeIgniter\CodeIgniter->run()
#4 {main}
CRITICAL - 2022-04-19 11:39:34 --> Class 'App\Controllers\stdClass' not found
#0 /home/nodosweb/public_html/testing/system/CodeIgniter.php(832): App\Controllers\Home->sendMailContact()
#1 /home/nodosweb/public_html/testing/system/CodeIgniter.php(419): CodeIgniter\CodeIgniter->runController(Object(App\Controllers\Home))
#2 /home/nodosweb/public_html/testing/system/CodeIgniter.php(326): CodeIgniter\CodeIgniter->handleRequest(NULL, Object(Config\Cache), false)
#3 /home/nodosweb/public_html/testing/index.php(37): CodeIgniter\CodeIgniter->run()
#4 {main}
CRITICAL - 2022-04-19 12:43:19 --> Class 'App\Controllers\stdClass' not found
#0 /home/nodosweb/public_html/testing/system/CodeIgniter.php(832): App\Controllers\Home->sendMailContact()
#1 /home/nodosweb/public_html/testing/system/CodeIgniter.php(419): CodeIgniter\CodeIgniter->runController(Object(App\Controllers\Home))
#2 /home/nodosweb/public_html/testing/system/CodeIgniter.php(326): CodeIgniter\CodeIgniter->handleRequest(NULL, Object(Config\Cache), false)
#3 /home/nodosweb/public_html/testing/index.php(37): CodeIgniter\CodeIgniter->run()
#4 {main}
CRITICAL - 2022-04-19 13:09:48 --> Class 'App\Controllers\stdClass' not found
#0 /home/nodosweb/public_html/testing/system/CodeIgniter.php(832): App\Controllers\Home->sendMailContact()
#1 /home/nodosweb/public_html/testing/system/CodeIgniter.php(419): CodeIgniter\CodeIgniter->runController(Object(App\Controllers\Home))
#2 /home/nodosweb/public_html/testing/system/CodeIgniter.php(326): CodeIgniter\CodeIgniter->handleRequest(NULL, Object(Config\Cache), false)
#3 /home/nodosweb/public_html/testing/index.php(37): CodeIgniter\CodeIgniter->run()
#4 {main}
CRITICAL - 2022-04-19 13:12:50 --> Class 'App\Controllers\stdClass' not found
#0 /home/nodosweb/public_html/testing/system/CodeIgniter.php(832): App\Controllers\Home->sendMailContact()
#1 /home/nodosweb/public_html/testing/system/CodeIgniter.php(419): CodeIgniter\CodeIgniter->runController(Object(App\Controllers\Home))
#2 /home/nodosweb/public_html/testing/system/CodeIgniter.php(326): CodeIgniter\CodeIgniter->handleRequest(NULL, Object(Config\Cache), false)
#3 /home/nodosweb/public_html/testing/index.php(37): CodeIgniter\CodeIgniter->run()
#4 {main}
CRITICAL - 2022-04-19 13:14:13 --> Class 'App\Controllers\stdClass' not found
#0 /home/nodosweb/public_html/testing/system/CodeIgniter.php(832): App\Controllers\Home->sendMailContact()
#1 /home/nodosweb/public_html/testing/system/CodeIgniter.php(419): CodeIgniter\CodeIgniter->runController(Object(App\Controllers\Home))
#2 /home/nodosweb/public_html/testing/system/CodeIgniter.php(326): CodeIgniter\CodeIgniter->handleRequest(NULL, Object(Config\Cache), false)
#3 /home/nodosweb/public_html/testing/index.php(37): CodeIgniter\CodeIgniter->run()
#4 {main}
CRITICAL - 2022-04-19 13:15:42 --> Class 'App\Controllers\stdClass' not found
#0 /home/nodosweb/public_html/testing/system/CodeIgniter.php(832): App\Controllers\Home->sendMailContact()
#1 /home/nodosweb/public_html/testing/system/CodeIgniter.php(419): CodeIgniter\CodeIgniter->runController(Object(App\Controllers\Home))
#2 /home/nodosweb/public_html/testing/system/CodeIgniter.php(326): CodeIgniter\CodeIgniter->handleRequest(NULL, Object(Config\Cache), false)
#3 /home/nodosweb/public_html/testing/index.php(37): CodeIgniter\CodeIgniter->run()
#4 {main}
CRITICAL - 2022-04-19 13:17:13 --> Class 'App\Controllers\stdClass' not found
#0 /home/nodosweb/public_html/testing/system/CodeIgniter.php(832): App\Controllers\Home->sendMailContact()
#1 /home/nodosweb/public_html/testing/system/CodeIgniter.php(419): CodeIgniter\CodeIgniter->runController(Object(App\Controllers\Home))
#2 /home/nodosweb/public_html/testing/system/CodeIgniter.php(326): CodeIgniter\CodeIgniter->handleRequest(NULL, Object(Config\Cache), false)
#3 /home/nodosweb/public_html/testing/index.php(37): CodeIgniter\CodeIgniter->run()
#4 {main}
CRITICAL - 2022-04-19 13:17:16 --> Class 'App\Controllers\stdClass' not found
#0 /home/nodosweb/public_html/testing/system/CodeIgniter.php(832): App\Controllers\Home->sendMailContact()
#1 /home/nodosweb/public_html/testing/system/CodeIgniter.php(419): CodeIgniter\CodeIgniter->runController(Object(App\Controllers\Home))
#2 /home/nodosweb/public_html/testing/system/CodeIgniter.php(326): CodeIgniter\CodeIgniter->handleRequest(NULL, Object(Config\Cache), false)
#3 /home/nodosweb/public_html/testing/index.php(37): CodeIgniter\CodeIgniter->run()
#4 {main}
CRITICAL - 2022-04-19 13:23:54 --> Creating default object from empty value
#0 /home/nodosweb/public_html/testing/app/Controllers/Home.php(78): CodeIgniter\Debug\Exceptions->errorHandler(2, 'Creating defaul...', '/home/nodosweb/...', 78, Array)
#1 /home/nodosweb/public_html/testing/system/CodeIgniter.php(832): App\Controllers\Home->sendMailContact()
#2 /home/nodosweb/public_html/testing/system/CodeIgniter.php(419): CodeIgniter\CodeIgniter->runController(Object(App\Controllers\Home))
#3 /home/nodosweb/public_html/testing/system/CodeIgniter.php(326): CodeIgniter\CodeIgniter->handleRequest(NULL, Object(Config\Cache), false)
#4 /home/nodosweb/public_html/testing/index.php(37): CodeIgniter\CodeIgniter->run()
#5 {main}
CRITICAL - 2022-04-19 13:26:49 --> Class 'App\Controllers\stdClass' not found
#0 /home/nodosweb/public_html/testing/system/CodeIgniter.php(832): App\Controllers\Home->sendMailContact()
#1 /home/nodosweb/public_html/testing/system/CodeIgniter.php(419): CodeIgniter\CodeIgniter->runController(Object(App\Controllers\Home))
#2 /home/nodosweb/public_html/testing/system/CodeIgniter.php(326): CodeIgniter\CodeIgniter->handleRequest(NULL, Object(Config\Cache), false)
#3 /home/nodosweb/public_html/testing/index.php(37): CodeIgniter\CodeIgniter->run()
#4 {main}
CRITICAL - 2022-04-19 13:26:54 --> Class 'App\Controllers\stdClass' not found
#0 /home/nodosweb/public_html/testing/system/CodeIgniter.php(832): App\Controllers\Home->sendMailContact()
#1 /home/nodosweb/public_html/testing/system/CodeIgniter.php(419): CodeIgniter\CodeIgniter->runController(Object(App\Controllers\Home))
#2 /home/nodosweb/public_html/testing/system/CodeIgniter.php(326): CodeIgniter\CodeIgniter->handleRequest(NULL, Object(Config\Cache), false)
#3 /home/nodosweb/public_html/testing/index.php(37): CodeIgniter\CodeIgniter->run()
#4 {main}
CRITICAL - 2022-04-19 13:26:55 --> Class 'App\Controllers\stdClass' not found
#0 /home/nodosweb/public_html/testing/system/CodeIgniter.php(832): App\Controllers\Home->sendMailContact()
#1 /home/nodosweb/public_html/testing/system/CodeIgniter.php(419): CodeIgniter\CodeIgniter->runController(Object(App\Controllers\Home))
#2 /home/nodosweb/public_html/testing/system/CodeIgniter.php(326): CodeIgniter\CodeIgniter->handleRequest(NULL, Object(Config\Cache), false)
#3 /home/nodosweb/public_html/testing/index.php(37): CodeIgniter\CodeIgniter->run()
#4 {main}
CRITICAL - 2022-04-19 13:28:07 --> Class 'App\Controllers\stdClass' not found
#0 /home/nodosweb/public_html/testing/system/CodeIgniter.php(832): App\Controllers\Home->sendMailContact()
#1 /home/nodosweb/public_html/testing/system/CodeIgniter.php(419): CodeIgniter\CodeIgniter->runController(Object(App\Controllers\Home))
#2 /home/nodosweb/public_html/testing/system/CodeIgniter.php(326): CodeIgniter\CodeIgniter->handleRequest(NULL, Object(Config\Cache), false)
#3 /home/nodosweb/public_html/testing/index.php(37): CodeIgniter\CodeIgniter->run()
#4 {main}
CRITICAL - 2022-04-19 13:28:44 --> Call to undefined method CodeIgniter\HTTP\IncomingRequest::post()
#0 /home/nodosweb/public_html/testing/system/CodeIgniter.php(832): App\Controllers\Home->sendMailContact()
#1 /home/nodosweb/public_html/testing/system/CodeIgniter.php(419): CodeIgniter\CodeIgniter->runController(Object(App\Controllers\Home))
#2 /home/nodosweb/public_html/testing/system/CodeIgniter.php(326): CodeIgniter\CodeIgniter->handleRequest(NULL, Object(Config\Cache), false)
#3 /home/nodosweb/public_html/testing/index.php(37): CodeIgniter\CodeIgniter->run()
#4 {main}
CRITICAL - 2022-04-19 13:29:24 --> Class 'App\Controllers\stdClass' not found
#0 /home/nodosweb/public_html/testing/system/CodeIgniter.php(832): App\Controllers\Home->sendMailContact()
#1 /home/nodosweb/public_html/testing/system/CodeIgniter.php(419): CodeIgniter\CodeIgniter->runController(Object(App\Controllers\Home))
#2 /home/nodosweb/public_html/testing/system/CodeIgniter.php(326): CodeIgniter\CodeIgniter->handleRequest(NULL, Object(Config\Cache), false)
#3 /home/nodosweb/public_html/testing/index.php(37): CodeIgniter\CodeIgniter->run()
#4 {main}
CRITICAL - 2022-04-19 13:29:26 --> Class 'App\Controllers\stdClass' not found
#0 /home/nodosweb/public_html/testing/system/CodeIgniter.php(832): App\Controllers\Home->sendMailContact()
#1 /home/nodosweb/public_html/testing/system/CodeIgniter.php(419): CodeIgniter\CodeIgniter->runController(Object(App\Controllers\Home))
#2 /home/nodosweb/public_html/testing/system/CodeIgniter.php(326): CodeIgniter\CodeIgniter->handleRequest(NULL, Object(Config\Cache), false)
#3 /home/nodosweb/public_html/testing/index.php(37): CodeIgniter\CodeIgniter->run()
#4 {main}
CRITICAL - 2022-04-19 13:30:01 --> Class 'App\Controllers\stdClass' not found
#0 /home/nodosweb/public_html/testing/system/CodeIgniter.php(832): App\Controllers\Home->sendMailContact()
#1 /home/nodosweb/public_html/testing/system/CodeIgniter.php(419): CodeIgniter\CodeIgniter->runController(Object(App\Controllers\Home))
#2 /home/nodosweb/public_html/testing/system/CodeIgniter.php(326): CodeIgniter\CodeIgniter->handleRequest(NULL, Object(Config\Cache), false)
#3 /home/nodosweb/public_html/testing/index.php(37): CodeIgniter\CodeIgniter->run()
#4 {main}
CRITICAL - 2022-04-19 13:30:15 --> Class 'App\Controllers\stdClass' not found
#0 /home/nodosweb/public_html/testing/system/CodeIgniter.php(832): App\Controllers\Home->sendMailContact()
#1 /home/nodosweb/public_html/testing/system/CodeIgniter.php(419): CodeIgniter\CodeIgniter->runController(Object(App\Controllers\Home))
#2 /home/nodosweb/public_html/testing/system/CodeIgniter.php(326): CodeIgniter\CodeIgniter->handleRequest(NULL, Object(Config\Cache), false)
#3 /home/nodosweb/public_html/testing/index.php(37): CodeIgniter\CodeIgniter->run()
#4 {main}
CRITICAL - 2022-04-19 13:30:31 --> Class 'App\Controllers\stdClass' not found
#0 /home/nodosweb/public_html/testing/system/CodeIgniter.php(832): App\Controllers\Home->sendMailContact()
#1 /home/nodosweb/public_html/testing/system/CodeIgniter.php(419): CodeIgniter\CodeIgniter->runController(Object(App\Controllers\Home))
#2 /home/nodosweb/public_html/testing/system/CodeIgniter.php(326): CodeIgniter\CodeIgniter->handleRequest(NULL, Object(Config\Cache), false)
#3 /home/nodosweb/public_html/testing/index.php(37): CodeIgniter\CodeIgniter->run()
#4 {main}
CRITICAL - 2022-04-19 13:32:08 --> Class 'App\Controllers\stdClass' not found
#0 /home/nodosweb/public_html/testing/system/CodeIgniter.php(832): App\Controllers\Home->sendMailContact()
#1 /home/nodosweb/public_html/testing/system/CodeIgniter.php(419): CodeIgniter\CodeIgniter->runController(Object(App\Controllers\Home))
#2 /home/nodosweb/public_html/testing/system/CodeIgniter.php(326): CodeIgniter\CodeIgniter->handleRequest(NULL, Object(Config\Cache), false)
#3 /home/nodosweb/public_html/testing/index.php(37): CodeIgniter\CodeIgniter->run()
#4 {main}
CRITICAL - 2022-04-19 13:32:30 --> Class 'App\Controllers\stdClass' not found
#0 /home/nodosweb/public_html/testing/system/CodeIgniter.php(832): App\Controllers\Home->sendMailContact()
#1 /home/nodosweb/public_html/testing/system/CodeIgniter.php(419): CodeIgniter\CodeIgniter->runController(Object(App\Controllers\Home))
#2 /home/nodosweb/public_html/testing/system/CodeIgniter.php(326): CodeIgniter\CodeIgniter->handleRequest(NULL, Object(Config\Cache), false)
#3 /home/nodosweb/public_html/testing/index.php(37): CodeIgniter\CodeIgniter->run()
#4 {main}
CRITICAL - 2022-04-19 13:32:31 --> Class 'App\Controllers\stdClass' not found
#0 /home/nodosweb/public_html/testing/system/CodeIgniter.php(832): App\Controllers\Home->sendMailContact()
#1 /home/nodosweb/public_html/testing/system/CodeIgniter.php(419): CodeIgniter\CodeIgniter->runController(Object(App\Controllers\Home))
#2 /home/nodosweb/public_html/testing/system/CodeIgniter.php(326): CodeIgniter\CodeIgniter->handleRequest(NULL, Object(Config\Cache), false)
#3 /home/nodosweb/public_html/testing/index.php(37): CodeIgniter\CodeIgniter->run()
#4 {main}
CRITICAL - 2022-04-19 13:33:05 --> Call to undefined method CodeIgniter\HTTP\IncomingRequest::post()
#0 /home/nodosweb/public_html/testing/system/CodeIgniter.php(832): App\Controllers\Home->sendMailContact()
#1 /home/nodosweb/public_html/testing/system/CodeIgniter.php(419): CodeIgniter\CodeIgniter->runController(Object(App\Controllers\Home))
#2 /home/nodosweb/public_html/testing/system/CodeIgniter.php(326): CodeIgniter\CodeIgniter->handleRequest(NULL, Object(Config\Cache), false)
#3 /home/nodosweb/public_html/testing/index.php(37): CodeIgniter\CodeIgniter->run()
#4 {main}
CRITICAL - 2022-04-19 13:33:13 --> Call to undefined method CodeIgniter\HTTP\IncomingRequest::post()
#0 /home/nodosweb/public_html/testing/system/CodeIgniter.php(832): App\Controllers\Home->sendMailContact()
#1 /home/nodosweb/public_html/testing/system/CodeIgniter.php(419): CodeIgniter\CodeIgniter->runController(Object(App\Controllers\Home))
#2 /home/nodosweb/public_html/testing/system/CodeIgniter.php(326): CodeIgniter\CodeIgniter->handleRequest(NULL, Object(Config\Cache), false)
#3 /home/nodosweb/public_html/testing/index.php(37): CodeIgniter\CodeIgniter->run()
#4 {main}
CRITICAL - 2022-04-19 13:34:10 --> Class 'App\Controllers\stdClass' not found
#0 /home/nodosweb/public_html/testing/system/CodeIgniter.php(832): App\Controllers\Home->sendMailContact()
#1 /home/nodosweb/public_html/testing/system/CodeIgniter.php(419): CodeIgniter\CodeIgniter->runController(Object(App\Controllers\Home))
#2 /home/nodosweb/public_html/testing/system/CodeIgniter.php(326): CodeIgniter\CodeIgniter->handleRequest(NULL, Object(Config\Cache), false)
#3 /home/nodosweb/public_html/testing/index.php(37): CodeIgniter\CodeIgniter->run()
#4 {main}
