CRITICAL - 2022-04-12 08:16:41 --> syntax error, unexpected '=>' (T_DOUBLE_ARROW), expecting ']'
#0 /home/nodosweb/public_html/testing/system/Router/Router.php(175): CodeIgniter\Router\Router->autoRoute('servicios')
#1 /home/nodosweb/public_html/testing/system/CodeIgniter.php(726): CodeIgniter\Router\Router->handle('servicios')
#2 /home/nodosweb/public_html/testing/system/CodeIgniter.php(368): CodeIgniter\CodeIgniter->tryToRouteIt(Object(CodeIgniter\Router\RouteCollection))
#3 /home/nodosweb/public_html/testing/system/CodeIgniter.php(326): CodeIgniter\CodeIgniter->handleRequest(NULL, Object(Config\Cache), false)
#4 /home/nodosweb/public_html/testing/index.php(37): CodeIgniter\CodeIgniter->run()
#5 {main}
CRITICAL - 2022-04-12 08:16:48 --> syntax error, unexpected '=>' (T_DOUBLE_ARROW), expecting ']'
#0 /home/nodosweb/public_html/testing/system/Router/Router.php(175): CodeIgniter\Router\Router->autoRoute('servicios')
#1 /home/nodosweb/public_html/testing/system/CodeIgniter.php(726): CodeIgniter\Router\Router->handle('servicios')
#2 /home/nodosweb/public_html/testing/system/CodeIgniter.php(368): CodeIgniter\CodeIgniter->tryToRouteIt(Object(CodeIgniter\Router\RouteCollection))
#3 /home/nodosweb/public_html/testing/system/CodeIgniter.php(326): CodeIgniter\CodeIgniter->handleRequest(NULL, Object(Config\Cache), false)
#4 /home/nodosweb/public_html/testing/index.php(37): CodeIgniter\CodeIgniter->run()
#5 {main}
CRITICAL - 2022-04-12 09:18:12 --> syntax error, unexpected '1' (T_LNUMBER), expecting ',' or ';'
#0 /home/nodosweb/public_html/testing/system/Autoloader/Autoloader.php(241): CodeIgniter\Autoloader\Autoloader->includeFile('/home/nodosweb/...')
#1 /home/nodosweb/public_html/testing/system/Autoloader/Autoloader.php(219): CodeIgniter\Autoloader\Autoloader->loadInNamespace('Config\\Email')
#2 [internal function]: CodeIgniter\Autoloader\Autoloader->loadClass('Config\\Email')
#3 [internal function]: spl_autoload_call('Config\\Email')
#4 /home/nodosweb/public_html/testing/system/Config/Factories.php(136): class_exists('Config\\Email')
#5 /home/nodosweb/public_html/testing/system/Config/Factories.php(106): CodeIgniter\Config\Factories::locateClass(Array, 'Email')
#6 /home/nodosweb/public_html/testing/system/Common.php(198): CodeIgniter\Config\Factories::__callStatic('config', Array)
#7 /home/nodosweb/public_html/testing/system/Config/Services.php(193): config('Email')
#8 /home/nodosweb/public_html/testing/system/Config/BaseService.php(248): CodeIgniter\Config\Services::email(NULL, false)
#9 /home/nodosweb/public_html/testing/system/Config/BaseService.php(189): CodeIgniter\Config\BaseService::__callStatic('email', Array)
#10 /home/nodosweb/public_html/testing/system/Config/Services.php(189): CodeIgniter\Config\BaseService::getSharedInstance('email', NULL)
#11 /home/nodosweb/public_html/testing/system/Config/BaseService.php(248): CodeIgniter\Config\Services::email()
#12 /home/nodosweb/public_html/testing/app/Controllers/Home.php(25): CodeIgniter\Config\BaseService::__callStatic('email', Array)
#13 /home/nodosweb/public_html/testing/system/CodeIgniter.php(832): App\Controllers\Home->sendMailContact()
#14 /home/nodosweb/public_html/testing/system/CodeIgniter.php(419): CodeIgniter\CodeIgniter->runController(Object(App\Controllers\Home))
#15 /home/nodosweb/public_html/testing/system/CodeIgniter.php(326): CodeIgniter\CodeIgniter->handleRequest(NULL, Object(Config\Cache), false)
#16 /home/nodosweb/public_html/testing/index.php(37): CodeIgniter\CodeIgniter->run()
#17 {main}
CRITICAL - 2022-04-12 09:19:38 --> syntax error, unexpected 'ssl' (T_STRING), expecting ',' or ';'
#0 /home/nodosweb/public_html/testing/system/Autoloader/Autoloader.php(241): CodeIgniter\Autoloader\Autoloader->includeFile('/home/nodosweb/...')
#1 /home/nodosweb/public_html/testing/system/Autoloader/Autoloader.php(219): CodeIgniter\Autoloader\Autoloader->loadInNamespace('Config\\Email')
#2 [internal function]: CodeIgniter\Autoloader\Autoloader->loadClass('Config\\Email')
#3 [internal function]: spl_autoload_call('Config\\Email')
#4 /home/nodosweb/public_html/testing/system/Config/Factories.php(136): class_exists('Config\\Email')
#5 /home/nodosweb/public_html/testing/system/Config/Factories.php(106): CodeIgniter\Config\Factories::locateClass(Array, 'Email')
#6 /home/nodosweb/public_html/testing/system/Common.php(198): CodeIgniter\Config\Factories::__callStatic('config', Array)
#7 /home/nodosweb/public_html/testing/system/Config/Services.php(193): config('Email')
#8 /home/nodosweb/public_html/testing/system/Config/BaseService.php(248): CodeIgniter\Config\Services::email(NULL, false)
#9 /home/nodosweb/public_html/testing/system/Config/BaseService.php(189): CodeIgniter\Config\BaseService::__callStatic('email', Array)
#10 /home/nodosweb/public_html/testing/system/Config/Services.php(189): CodeIgniter\Config\BaseService::getSharedInstance('email', NULL)
#11 /home/nodosweb/public_html/testing/system/Config/BaseService.php(248): CodeIgniter\Config\Services::email()
#12 /home/nodosweb/public_html/testing/app/Controllers/Home.php(25): CodeIgniter\Config\BaseService::__callStatic('email', Array)
#13 /home/nodosweb/public_html/testing/system/CodeIgniter.php(832): App\Controllers\Home->sendMailContact()
#14 /home/nodosweb/public_html/testing/system/CodeIgniter.php(419): CodeIgniter\CodeIgniter->runController(Object(App\Controllers\Home))
#15 /home/nodosweb/public_html/testing/system/CodeIgniter.php(326): CodeIgniter\CodeIgniter->handleRequest(NULL, Object(Config\Cache), false)
#16 /home/nodosweb/public_html/testing/index.php(37): CodeIgniter\CodeIgniter->run()
#17 {main}
